[debug] [2022-09-07T18:49:55.067Z] ----------------------------------------------------------------------
[debug] [2022-09-07T18:49:55.068Z] Command:       C:\Program Files\nodejs\node.exe C:\Program Files\nodejs\node_modules\firebase-tools\lib\bin\firebase.js deploy --only functions,hosting
[debug] [2022-09-07T18:49:55.069Z] CLI Version:   11.8.0
[debug] [2022-09-07T18:49:55.069Z] Platform:      win32
[debug] [2022-09-07T18:49:55.069Z] Node Version:  v16.16.0
[debug] [2022-09-07T18:49:55.069Z] Time:          Wed Sep 07 2022 14:49:55 GMT-0400 (Eastern Daylight Time)
[debug] [2022-09-07T18:49:55.070Z] ----------------------------------------------------------------------
[debug] 
[debug] [2022-09-07T18:49:55.130Z] > command requires scopes: ["email","openid","https://www.googleapis.com/auth/cloudplatformprojects.readonly","https://www.googleapis.com/auth/firebase","https://www.googleapis.com/auth/cloud-platform"]
[debug] [2022-09-07T18:49:55.131Z] > authorizing via signed-in user (me@colbymchenry.com)
[debug] [2022-09-07T18:49:55.131Z] [iam] checking project pacific-interlude for permissions ["cloudfunctions.functions.create","cloudfunctions.functions.delete","cloudfunctions.functions.get","cloudfunctions.functions.list","cloudfunctions.functions.update","cloudfunctions.operations.get","firebase.projects.get","firebasehosting.sites.update"]
[debug] [2022-09-07T18:49:55.133Z] >>> [apiv2][query] POST https://cloudresourcemanager.googleapis.com/v1/projects/pacific-interlude:testIamPermissions [none]
[debug] [2022-09-07T18:49:55.133Z] >>> [apiv2][(partial)header] POST https://cloudresourcemanager.googleapis.com/v1/projects/pacific-interlude:testIamPermissions x-goog-quota-user=projects/pacific-interlude
[debug] [2022-09-07T18:49:55.133Z] >>> [apiv2][body] POST https://cloudresourcemanager.googleapis.com/v1/projects/pacific-interlude:testIamPermissions {"permissions":["cloudfunctions.functions.create","cloudfunctions.functions.delete","cloudfunctions.functions.get","cloudfunctions.functions.list","cloudfunctions.functions.update","cloudfunctions.operations.get","firebase.projects.get","firebasehosting.sites.update"]}
[debug] [2022-09-07T18:49:55.274Z] <<< [apiv2][status] POST https://cloudresourcemanager.googleapis.com/v1/projects/pacific-interlude:testIamPermissions 200
[debug] [2022-09-07T18:49:55.274Z] <<< [apiv2][body] POST https://cloudresourcemanager.googleapis.com/v1/projects/pacific-interlude:testIamPermissions {"permissions":["cloudfunctions.functions.create","cloudfunctions.functions.delete","cloudfunctions.functions.get","cloudfunctions.functions.list","cloudfunctions.functions.update","cloudfunctions.operations.get","firebase.projects.get","firebasehosting.sites.update"]}
[debug] [2022-09-07T18:49:55.274Z] >>> [apiv2][query] POST https://iam.googleapis.com/v1/projects/pacific-interlude/serviceAccounts/pacific-interlude@appspot.gserviceaccount.com:testIamPermissions [none]
[debug] [2022-09-07T18:49:55.274Z] >>> [apiv2][body] POST https://iam.googleapis.com/v1/projects/pacific-interlude/serviceAccounts/pacific-interlude@appspot.gserviceaccount.com:testIamPermissions {"permissions":["iam.serviceAccounts.actAs"]}
[debug] [2022-09-07T18:49:55.369Z] <<< [apiv2][status] POST https://iam.googleapis.com/v1/projects/pacific-interlude/serviceAccounts/pacific-interlude@appspot.gserviceaccount.com:testIamPermissions 200
[debug] [2022-09-07T18:49:55.369Z] <<< [apiv2][body] POST https://iam.googleapis.com/v1/projects/pacific-interlude/serviceAccounts/pacific-interlude@appspot.gserviceaccount.com:testIamPermissions {"permissions":["iam.serviceAccounts.actAs"]}
[debug] [2022-09-07T18:49:55.370Z] >>> [apiv2][query] GET https://firebase.googleapis.com/v1beta1/projects/pacific-interlude [none]
[debug] [2022-09-07T18:49:55.567Z] <<< [apiv2][status] GET https://firebase.googleapis.com/v1beta1/projects/pacific-interlude 200
[debug] [2022-09-07T18:49:55.567Z] <<< [apiv2][body] GET https://firebase.googleapis.com/v1beta1/projects/pacific-interlude {"projectId":"pacific-interlude","projectNumber":"508796960985","displayName":"Pacific Interlude","name":"projects/pacific-interlude","resources":{"hostingSite":"pacific-interlude","storageBucket":"pacific-interlude.appspot.com","locationId":"us-central"},"state":"ACTIVE","etag":"1_4106a65e-a035-49b7-b414-f743bafdd742"}
[info] 
[info] === Deploying to 'pacific-interlude'...
[info] 
[info] i  deploying functions, hosting 
[debug] [2022-09-07T18:49:55.570Z] >>> [apiv2][query] GET https://firebase.googleapis.com/v1beta1/projects/pacific-interlude [none]
[debug] [2022-09-07T18:49:55.765Z] <<< [apiv2][status] GET https://firebase.googleapis.com/v1beta1/projects/pacific-interlude 200
[debug] [2022-09-07T18:49:55.765Z] <<< [apiv2][body] GET https://firebase.googleapis.com/v1beta1/projects/pacific-interlude {"projectId":"pacific-interlude","projectNumber":"508796960985","displayName":"Pacific Interlude","name":"projects/pacific-interlude","resources":{"hostingSite":"pacific-interlude","storageBucket":"pacific-interlude.appspot.com","locationId":"us-central"},"state":"ACTIVE","etag":"1_4106a65e-a035-49b7-b414-f743bafdd742"}
[info] i  functions: ensuring required API cloudfunctions.googleapis.com is enabled... 
[info] i  functions: ensuring required API cloudbuild.googleapis.com is enabled... 
[info] i  artifactregistry: ensuring required API artifactregistry.googleapis.com is enabled... 
[debug] [2022-09-07T18:49:55.767Z] >>> [apiv2][query] GET https://serviceusage.googleapis.com/v1/projects/pacific-interlude/services/cloudfunctions.googleapis.com [none]
[debug] [2022-09-07T18:49:55.768Z] >>> [apiv2][query] GET https://serviceusage.googleapis.com/v1/projects/pacific-interlude/services/runtimeconfig.googleapis.com [none]
[debug] [2022-09-07T18:49:55.769Z] >>> [apiv2][query] GET https://serviceusage.googleapis.com/v1/projects/pacific-interlude/services/cloudbuild.googleapis.com [none]
[debug] [2022-09-07T18:49:55.769Z] >>> [apiv2][query] GET https://serviceusage.googleapis.com/v1/projects/pacific-interlude/services/artifactregistry.googleapis.com [none]
[debug] [2022-09-07T18:49:56.065Z] <<< [apiv2][status] GET https://serviceusage.googleapis.com/v1/projects/pacific-interlude/services/artifactregistry.googleapis.com 200
[debug] [2022-09-07T18:49:56.065Z] <<< [apiv2][body] GET https://serviceusage.googleapis.com/v1/projects/pacific-interlude/services/artifactregistry.googleapis.com [omitted]
[warn] !  artifactregistry: missing required API artifactregistry.googleapis.com. Enabling now... 
[debug] [2022-09-07T18:49:56.066Z] >>> [apiv2][query] POST https://serviceusage.googleapis.com/v1/projects/pacific-interlude/services/artifactregistry.googleapis.com:enable [none]
[debug] [2022-09-07T18:49:56.069Z] <<< [apiv2][status] GET https://serviceusage.googleapis.com/v1/projects/pacific-interlude/services/cloudfunctions.googleapis.com 200
[debug] [2022-09-07T18:49:56.069Z] <<< [apiv2][body] GET https://serviceusage.googleapis.com/v1/projects/pacific-interlude/services/cloudfunctions.googleapis.com [omitted]
[info] +  functions: required API cloudfunctions.googleapis.com is enabled 
[debug] [2022-09-07T18:49:56.108Z] <<< [apiv2][status] GET https://serviceusage.googleapis.com/v1/projects/pacific-interlude/services/runtimeconfig.googleapis.com 200
[debug] [2022-09-07T18:49:56.108Z] <<< [apiv2][body] GET https://serviceusage.googleapis.com/v1/projects/pacific-interlude/services/runtimeconfig.googleapis.com [omitted]
[debug] [2022-09-07T18:49:56.110Z] <<< [apiv2][status] GET https://serviceusage.googleapis.com/v1/projects/pacific-interlude/services/cloudbuild.googleapis.com 200
[debug] [2022-09-07T18:49:56.110Z] <<< [apiv2][body] GET https://serviceusage.googleapis.com/v1/projects/pacific-interlude/services/cloudbuild.googleapis.com [omitted]
[warn] !  functions: missing required API cloudbuild.googleapis.com. Enabling now... 
[debug] [2022-09-07T18:49:56.111Z] >>> [apiv2][query] POST https://serviceusage.googleapis.com/v1/projects/pacific-interlude/services/cloudbuild.googleapis.com:enable [none]
[debug] [2022-09-07T18:49:56.927Z] <<< [apiv2][status] POST https://serviceusage.googleapis.com/v1/projects/pacific-interlude/services/cloudbuild.googleapis.com:enable 200
[debug] [2022-09-07T18:49:56.928Z] <<< [apiv2][body] POST https://serviceusage.googleapis.com/v1/projects/pacific-interlude/services/cloudbuild.googleapis.com:enable [omitted]
[debug] [2022-09-07T18:49:57.005Z] <<< [apiv2][status] POST https://serviceusage.googleapis.com/v1/projects/pacific-interlude/services/artifactregistry.googleapis.com:enable 200
[debug] [2022-09-07T18:49:57.005Z] <<< [apiv2][body] POST https://serviceusage.googleapis.com/v1/projects/pacific-interlude/services/artifactregistry.googleapis.com:enable [omitted]
[debug] [2022-09-07T18:50:06.938Z] >>> [apiv2][query] GET https://serviceusage.googleapis.com/v1/projects/pacific-interlude/services/cloudbuild.googleapis.com [none]
[debug] [2022-09-07T18:50:07.015Z] >>> [apiv2][query] GET https://serviceusage.googleapis.com/v1/projects/pacific-interlude/services/artifactregistry.googleapis.com [none]
[debug] [2022-09-07T18:50:07.258Z] <<< [apiv2][status] GET https://serviceusage.googleapis.com/v1/projects/pacific-interlude/services/cloudbuild.googleapis.com 200
[debug] [2022-09-07T18:50:07.258Z] <<< [apiv2][body] GET https://serviceusage.googleapis.com/v1/projects/pacific-interlude/services/cloudbuild.googleapis.com [omitted]
[info] +  functions: required API cloudbuild.googleapis.com is enabled 
[debug] [2022-09-07T18:50:07.295Z] <<< [apiv2][status] GET https://serviceusage.googleapis.com/v1/projects/pacific-interlude/services/artifactregistry.googleapis.com 200
[debug] [2022-09-07T18:50:07.296Z] <<< [apiv2][body] GET https://serviceusage.googleapis.com/v1/projects/pacific-interlude/services/artifactregistry.googleapis.com [omitted]
[info] +  artifactregistry: required API artifactregistry.googleapis.com is enabled 
[debug] [2022-09-07T18:50:07.298Z] >>> [apiv2][query] GET https://firebase.googleapis.com/v1beta1/projects/pacific-interlude/adminSdkConfig [none]
[debug] [2022-09-07T18:50:07.468Z] <<< [apiv2][status] GET https://firebase.googleapis.com/v1beta1/projects/pacific-interlude/adminSdkConfig 200
[debug] [2022-09-07T18:50:07.468Z] <<< [apiv2][body] GET https://firebase.googleapis.com/v1beta1/projects/pacific-interlude/adminSdkConfig {"projectId":"pacific-interlude","storageBucket":"pacific-interlude.appspot.com","locationId":"us-central"}
[debug] [2022-09-07T18:50:07.469Z] >>> [apiv2][query] GET https://runtimeconfig.googleapis.com/v1beta1/projects/pacific-interlude/configs [none]
[debug] [2022-09-07T18:50:07.655Z] <<< [apiv2][status] GET https://runtimeconfig.googleapis.com/v1beta1/projects/pacific-interlude/configs 200
[debug] [2022-09-07T18:50:07.656Z] <<< [apiv2][body] GET https://runtimeconfig.googleapis.com/v1beta1/projects/pacific-interlude/configs {}
[info] i  functions: preparing codebase default for deployment 
[debug] [2022-09-07T18:50:07.657Z] Validating nodejs source
[debug] [2022-09-07T18:50:09.463Z] > [functions] package.json contents: {
  "name": "pacific.interlude",
  "private": true,
  "main": "server.js",
  "scripts": {
    "dev": "next dev",
    "build": "next build && next export",
    "start": "next start",
    "lint": "next lint",
    "deploy": "firebase deploy --only functions,hosting"
  },
  "dependencies": {
    "@splidejs/react-splide": "^0.6.19",
    "@splidejs/splide": "^3.6.11",
    "axios": "^0.25.0",
    "bcrypt": "^5.0.1",
    "browser-image-compression": "^1.0.17",
    "cloudinary": "^1.28.1",
    "firebase": "^9.8.1",
    "firebase-admin": "^10.2.0",
    "firebase-functions": "^3.23.0",
    "jsonwebtoken": "^8.5.1",
    "jwt-decode": "^3.1.2",
    "list-react-files": "^0.2.0",
    "next": "^12.0.10",
    "nodemailer": "^6.7.2",
    "react": "17.0.2",
    "react-div-100vh": "^0.7.0",
    "react-dom": "17.0.2",
    "react-hook-form": "^7.22.5",
    "react-modal": "^3.14.4",
    "serverless-mysql": "^1.5.4",
    "sweetalert2": "^11.3.10"
  },
  "devDependencies": {
    "eslint": "8.7.0",
    "eslint-config-next": "12.0.8"
  }
}
[debug] [2022-09-07T18:50:09.463Z] Building nodejs source
[debug] [2022-09-07T18:50:09.464Z] Could not find functions.yaml. Must use http discovery
[debug] [2022-09-07T18:50:10.432Z] Serving at port 9005

[debug] [2022-09-07T18:50:10.790Z] Got response from /__/functions.yaml {"endpoints":{"nextSsrServer":{"platform":"gcfv1","httpsTrigger":{},"entryPoint":"nextSsrServer"}},"specVersion":"v1alpha1","requiredAPIs":[]}
[debug] [2022-09-07T18:50:10.797Z] shutdown requested via /__/quitquitquit

[info] i  functions: preparing . directory for uploading... 
[info] i  functions: packaged C:\Users\me\Documents\Projects\Personal\pacific.interlude (4.87 MB) for uploading 
[debug] [2022-09-07T18:50:11.372Z] >>> [apiv2][query] GET https://cloudfunctions.googleapis.com/v1/projects/pacific-interlude/locations/-/functions [none]
[debug] [2022-09-07T18:50:11.902Z] <<< [apiv2][status] GET https://cloudfunctions.googleapis.com/v1/projects/pacific-interlude/locations/-/functions 200
[debug] [2022-09-07T18:50:11.902Z] <<< [apiv2][body] GET https://cloudfunctions.googleapis.com/v1/projects/pacific-interlude/locations/-/functions {}
[debug] [2022-09-07T18:50:11.903Z] >>> [apiv2][query] GET https://cloudfunctions.googleapis.com/v2alpha/projects/pacific-interlude/locations/-/functions [none]
[debug] [2022-09-07T18:50:12.400Z] <<< [apiv2][status] GET https://cloudfunctions.googleapis.com/v2alpha/projects/pacific-interlude/locations/-/functions 200
[debug] [2022-09-07T18:50:12.400Z] <<< [apiv2][body] GET https://cloudfunctions.googleapis.com/v2alpha/projects/pacific-interlude/locations/-/functions {}
[debug] [2022-09-07T18:50:12.404Z] >>> [apiv2][query] GET https://firebase.googleapis.com/v1beta1/projects/pacific-interlude [none]
[debug] [2022-09-07T18:50:12.652Z] <<< [apiv2][status] GET https://firebase.googleapis.com/v1beta1/projects/pacific-interlude 200
[debug] [2022-09-07T18:50:12.653Z] <<< [apiv2][body] GET https://firebase.googleapis.com/v1beta1/projects/pacific-interlude {"projectId":"pacific-interlude","projectNumber":"508796960985","displayName":"Pacific Interlude","name":"projects/pacific-interlude","resources":{"hostingSite":"pacific-interlude","storageBucket":"pacific-interlude.appspot.com","locationId":"us-central"},"state":"ACTIVE","etag":"1_4106a65e-a035-49b7-b414-f743bafdd742"}
[debug] [2022-09-07T18:50:12.655Z] >>> [apiv2][query] POST https://firebasehosting.googleapis.com/v1beta1/projects/508796960985/sites/pacific-interlude/versions [none]
[debug] [2022-09-07T18:50:12.655Z] >>> [apiv2][body] POST https://firebasehosting.googleapis.com/v1beta1/projects/508796960985/sites/pacific-interlude/versions {"config":{"rewrites":[{"glob":"**","function":"nextSsrServer","functionRegion":"us-central1"}]},"labels":{"deployment-tool":"cli-firebase"}}
[debug] [2022-09-07T18:50:13.157Z] <<< [apiv2][status] POST https://firebasehosting.googleapis.com/v1beta1/projects/508796960985/sites/pacific-interlude/versions 200
[debug] [2022-09-07T18:50:13.157Z] <<< [apiv2][body] POST https://firebasehosting.googleapis.com/v1beta1/projects/508796960985/sites/pacific-interlude/versions {"name":"projects/508796960985/sites/pacific-interlude/versions/9897b285a7013115","status":"CREATED","config":{"rewrites":[{"functionRegion":"us-central1","glob":"**","function":"nextSsrServer"}]},"labels":{"deployment-tool":"cli-firebase"}}
[debug] [2022-09-07T18:50:13.158Z] [functions] found 1 new HTTP functions, testing setIamPolicy permission...
[debug] [2022-09-07T18:50:13.158Z] >>> [apiv2][query] POST https://cloudresourcemanager.googleapis.com/v1/projects/pacific-interlude:testIamPermissions [none]
[debug] [2022-09-07T18:50:13.158Z] >>> [apiv2][(partial)header] POST https://cloudresourcemanager.googleapis.com/v1/projects/pacific-interlude:testIamPermissions x-goog-quota-user=projects/pacific-interlude
[debug] [2022-09-07T18:50:13.158Z] >>> [apiv2][body] POST https://cloudresourcemanager.googleapis.com/v1/projects/pacific-interlude:testIamPermissions {"permissions":["cloudfunctions.functions.setIamPolicy"]}
[debug] [2022-09-07T18:50:13.217Z] <<< [apiv2][status] POST https://cloudresourcemanager.googleapis.com/v1/projects/pacific-interlude:testIamPermissions 200
[debug] [2022-09-07T18:50:13.217Z] <<< [apiv2][body] POST https://cloudresourcemanager.googleapis.com/v1/projects/pacific-interlude:testIamPermissions {"permissions":["cloudfunctions.functions.setIamPolicy"]}
[debug] [2022-09-07T18:50:13.217Z] [functions] found setIamPolicy permission, proceeding with deploy
[debug] [2022-09-07T18:50:13.218Z] >>> [apiv2][query] POST https://cloudfunctions.googleapis.com/v1/projects/pacific-interlude/locations/us-central1/functions:generateUploadUrl [none]
[debug] [2022-09-07T18:50:13.218Z] >>> [apiv2][body] POST https://cloudfunctions.googleapis.com/v1/projects/pacific-interlude/locations/us-central1/functions:generateUploadUrl {}
[debug] [2022-09-07T18:50:23.239Z] <<< [apiv2][status] POST https://cloudfunctions.googleapis.com/v1/projects/pacific-interlude/locations/us-central1/functions:generateUploadUrl 200
[debug] [2022-09-07T18:50:23.239Z] <<< [apiv2][body] POST https://cloudfunctions.googleapis.com/v1/projects/pacific-interlude/locations/us-central1/functions:generateUploadUrl {"uploadUrl":"https://storage.googleapis.com/uploads-951996958745.us-central1.cloudfunctions.appspot.com/37e427ae-5dae-40dd-9edc-daff87f3c4b1.zip?GoogleAccessId=service-508796960985@gcf-admin-robot.iam.gserviceaccount.com&Expires=1662578424&Signature=XpwhESgbdN9inyzCMBHVLY5fEVT%2FdNRbSdx9882jWT8ZzQAmcbrKmVD4vuMETTkWP7R3WISEfjPeOiOePD%2Fvr9uILm9rILjEmYqcWKqowd38VBCq26rfw1VA%2FX%2BnpzMiPrftYr3mlaOZ2ydQidxl4VWvGyFD%2B3p8KKhDBfsXOXbBqOv9WAuseV9sKR2d%2ByprnAWFNB6unI6ympLbN1LhlE0Zc7a3NBMOFbBLFVUGJpe%2B5MhIjouOFrnS5%2Bojb2P2dPhbcEPu%2BCFdL54k%2FEhRjxLFJPPF8nwIDLBbtYp5Dr1iiWEN2r5oaDSYB7KhSYphY8vvHQMGbiTuyDHerHbQtA%3D%3D"}
[debug] [2022-09-07T18:50:23.240Z] >>> [apiv2][query] PUT https://storage.googleapis.com/uploads-951996958745.us-central1.cloudfunctions.appspot.com/37e427ae-5dae-40dd-9edc-daff87f3c4b1.zip GoogleAccessId=service-508796960985%40gcf-admin-robot.iam.gserviceaccount.com&Expires=1662578424&Signature=XpwhESgbdN9inyzCMBHVLY5fEVT%2FdNRbSdx9882jWT8ZzQAmcbrKmVD4vuMETTkWP7R3WISEfjPeOiOePD%2Fvr9uILm9rILjEmYqcWKqowd38VBCq26rfw1VA%2FX%2BnpzMiPrftYr3mlaOZ2ydQidxl4VWvGyFD%2B3p8KKhDBfsXOXbBqOv9WAuseV9sKR2d%2ByprnAWFNB6unI6ympLbN1LhlE0Zc7a3NBMOFbBLFVUGJpe%2B5MhIjouOFrnS5%2Bojb2P2dPhbcEPu%2BCFdL54k%2FEhRjxLFJPPF8nwIDLBbtYp5Dr1iiWEN2r5oaDSYB7KhSYphY8vvHQMGbiTuyDHerHbQtA%3D%3D
[debug] [2022-09-07T18:50:23.240Z] >>> [apiv2][body] PUT https://storage.googleapis.com/uploads-951996958745.us-central1.cloudfunctions.appspot.com/37e427ae-5dae-40dd-9edc-daff87f3c4b1.zip [stream]
[debug] [2022-09-07T18:50:23.932Z] <<< [apiv2][status] PUT https://storage.googleapis.com/uploads-951996958745.us-central1.cloudfunctions.appspot.com/37e427ae-5dae-40dd-9edc-daff87f3c4b1.zip 200
[debug] [2022-09-07T18:50:23.932Z] <<< [apiv2][body] PUT https://storage.googleapis.com/uploads-951996958745.us-central1.cloudfunctions.appspot.com/37e427ae-5dae-40dd-9edc-daff87f3c4b1.zip [omitted]
[info] +  functions: . folder uploaded successfully 
[info] i  hosting[pacific-interlude]: beginning deploy... 
[info] i  hosting[pacific-interlude]: found 13 files in public 
[debug] [2022-09-07T18:50:23.940Z] [hosting] uploading with 200 concurrency
[debug] [2022-09-07T18:50:23.940Z] [hosting] hash cache [cHVibGlj] not populated
[debug] [2022-09-07T18:50:23.971Z] [hosting] hash cache [cHVibGlj] stored for 13 files
[debug] [2022-09-07T18:50:23.971Z] [hosting][hash queue][FINAL] {"max":26,"min":5,"avg":8.615384615384615,"active":0,"complete":13,"success":13,"errored":0,"retried":0,"total":13,"elapsed":29}
[debug] [2022-09-07T18:50:23.972Z] >>> [apiv2][query] POST https://firebasehosting.googleapis.com/v1beta1/projects/508796960985/sites/pacific-interlude/versions/9897b285a7013115:populateFiles [none]
[debug] [2022-09-07T18:50:23.972Z] >>> [apiv2][body] POST https://firebasehosting.googleapis.com/v1beta1/projects/508796960985/sites/pacific-interlude/versions/9897b285a7013115:populateFiles {"files":{"/android-chrome-192x192.png":"5577b024502bda897f951f23d8c62d003ebda22f4a2835b97b0c605f4599dcec","/favicon-32x32.png":"4d5a184d0ca3aa36470cc4f81fa7f264224b2335c8f8410e22d6cd400bef63d9","/apple-touch-icon.png":"d77eb4298dcca1610549ccd8a90f32261a800f351c39ac1875d9dd7e1aa1f4be","/favicon-16x16.png":"760377891db45032168842b185b4a753d6ef7f96093b2b577bd32adc84e3d1c6","/site.webmanifest":"378695d4af8bdaf357a5e2404faa02cc43fde62b92e2cb35f19e143dea1a1816","/vercel.svg":"9037ef16021ef1084c9550ce599472709dcd399b2ce74682cd4c2db680b5b2b7","/android-chrome-512x512.png":"0b98b4c5871e649b64561fc569440144a3a09a4f73918db182659751cac42aa7","/images/grain2.png":"239b766ea1abdedca386f44174df491aaca29851dd9ded32116b466e2b99b291","/fonts/morris.ttf":"3bf0ef14d15ba12f9cfcba43106ed4de58fc01f4461c008da3b19e4eb2b9e61a","/images/grain.png":"eabbf687677727008bf5d83ddf1c64c36701a538d325045324eba222169f7816","/favicon.ico":"821fb7dfa9ed2b8857d3fd9b40082eb46d37387f8c6a132cdf3538674ee84894","/images/LogoWhite.png":"f5715eb8067e54882e03e0bd7e4167eaeb4cae1ead309e365b346d2acc871ecb","/images/LogoBlack.png":"6fcde5973f0ed6a8ef1ae579aabafb86805552d94bdf070cf1a9f418da45dfa9"}}
[debug] [2022-09-07T18:50:24.285Z] <<< [apiv2][status] POST https://firebasehosting.googleapis.com/v1beta1/projects/508796960985/sites/pacific-interlude/versions/9897b285a7013115:populateFiles 200
[debug] [2022-09-07T18:50:24.285Z] <<< [apiv2][body] POST https://firebasehosting.googleapis.com/v1beta1/projects/508796960985/sites/pacific-interlude/versions/9897b285a7013115:populateFiles {"uploadRequiredHashes":["9037ef16021ef1084c9550ce599472709dcd399b2ce74682cd4c2db680b5b2b7","4d5a184d0ca3aa36470cc4f81fa7f264224b2335c8f8410e22d6cd400bef63d9","239b766ea1abdedca386f44174df491aaca29851dd9ded32116b466e2b99b291","d77eb4298dcca1610549ccd8a90f32261a800f351c39ac1875d9dd7e1aa1f4be","eabbf687677727008bf5d83ddf1c64c36701a538d325045324eba222169f7816","760377891db45032168842b185b4a753d6ef7f96093b2b577bd32adc84e3d1c6","6fcde5973f0ed6a8ef1ae579aabafb86805552d94bdf070cf1a9f418da45dfa9","f5715eb8067e54882e03e0bd7e4167eaeb4cae1ead309e365b346d2acc871ecb","0b98b4c5871e649b64561fc569440144a3a09a4f73918db182659751cac42aa7","3bf0ef14d15ba12f9cfcba43106ed4de58fc01f4461c008da3b19e4eb2b9e61a","821fb7dfa9ed2b8857d3fd9b40082eb46d37387f8c6a132cdf3538674ee84894","5577b024502bda897f951f23d8c62d003ebda22f4a2835b97b0c605f4599dcec","378695d4af8bdaf357a5e2404faa02cc43fde62b92e2cb35f19e143dea1a1816"],"uploadUrl":"https://upload-firebasehosting.googleapis.com/upload/sites/pacific-interlude/versions/9897b285a7013115/files"}
[debug] [2022-09-07T18:50:24.286Z] >>> [apiv2][query] POST https://upload-firebasehosting.googleapis.com/upload/sites/pacific-interlude/versions/9897b285a7013115/files/9037ef16021ef1084c9550ce599472709dcd399b2ce74682cd4c2db680b5b2b7 [none]
[debug] [2022-09-07T18:50:24.287Z] >>> [apiv2][body] POST https://upload-firebasehosting.googleapis.com/upload/sites/pacific-interlude/versions/9897b285a7013115/files/9037ef16021ef1084c9550ce599472709dcd399b2ce74682cd4c2db680b5b2b7 [stream]
[debug] [2022-09-07T18:50:24.287Z] >>> [apiv2][query] POST https://upload-firebasehosting.googleapis.com/upload/sites/pacific-interlude/versions/9897b285a7013115/files/4d5a184d0ca3aa36470cc4f81fa7f264224b2335c8f8410e22d6cd400bef63d9 [none]
[debug] [2022-09-07T18:50:24.288Z] >>> [apiv2][body] POST https://upload-firebasehosting.googleapis.com/upload/sites/pacific-interlude/versions/9897b285a7013115/files/4d5a184d0ca3aa36470cc4f81fa7f264224b2335c8f8410e22d6cd400bef63d9 [stream]
[debug] [2022-09-07T18:50:24.288Z] >>> [apiv2][query] POST https://upload-firebasehosting.googleapis.com/upload/sites/pacific-interlude/versions/9897b285a7013115/files/239b766ea1abdedca386f44174df491aaca29851dd9ded32116b466e2b99b291 [none]
[debug] [2022-09-07T18:50:24.288Z] >>> [apiv2][body] POST https://upload-firebasehosting.googleapis.com/upload/sites/pacific-interlude/versions/9897b285a7013115/files/239b766ea1abdedca386f44174df491aaca29851dd9ded32116b466e2b99b291 [stream]
[debug] [2022-09-07T18:50:24.289Z] >>> [apiv2][query] POST https://upload-firebasehosting.googleapis.com/upload/sites/pacific-interlude/versions/9897b285a7013115/files/d77eb4298dcca1610549ccd8a90f32261a800f351c39ac1875d9dd7e1aa1f4be [none]
[debug] [2022-09-07T18:50:24.289Z] >>> [apiv2][body] POST https://upload-firebasehosting.googleapis.com/upload/sites/pacific-interlude/versions/9897b285a7013115/files/d77eb4298dcca1610549ccd8a90f32261a800f351c39ac1875d9dd7e1aa1f4be [stream]
[debug] [2022-09-07T18:50:24.289Z] >>> [apiv2][query] POST https://upload-firebasehosting.googleapis.com/upload/sites/pacific-interlude/versions/9897b285a7013115/files/eabbf687677727008bf5d83ddf1c64c36701a538d325045324eba222169f7816 [none]
[debug] [2022-09-07T18:50:24.289Z] >>> [apiv2][body] POST https://upload-firebasehosting.googleapis.com/upload/sites/pacific-interlude/versions/9897b285a7013115/files/eabbf687677727008bf5d83ddf1c64c36701a538d325045324eba222169f7816 [stream]
[debug] [2022-09-07T18:50:24.290Z] >>> [apiv2][query] POST https://upload-firebasehosting.googleapis.com/upload/sites/pacific-interlude/versions/9897b285a7013115/files/760377891db45032168842b185b4a753d6ef7f96093b2b577bd32adc84e3d1c6 [none]
[debug] [2022-09-07T18:50:24.290Z] >>> [apiv2][body] POST https://upload-firebasehosting.googleapis.com/upload/sites/pacific-interlude/versions/9897b285a7013115/files/760377891db45032168842b185b4a753d6ef7f96093b2b577bd32adc84e3d1c6 [stream]
[debug] [2022-09-07T18:50:24.290Z] >>> [apiv2][query] POST https://upload-firebasehosting.googleapis.com/upload/sites/pacific-interlude/versions/9897b285a7013115/files/6fcde5973f0ed6a8ef1ae579aabafb86805552d94bdf070cf1a9f418da45dfa9 [none]
[debug] [2022-09-07T18:50:24.291Z] >>> [apiv2][body] POST https://upload-firebasehosting.googleapis.com/upload/sites/pacific-interlude/versions/9897b285a7013115/files/6fcde5973f0ed6a8ef1ae579aabafb86805552d94bdf070cf1a9f418da45dfa9 [stream]
[debug] [2022-09-07T18:50:24.291Z] >>> [apiv2][query] POST https://upload-firebasehosting.googleapis.com/upload/sites/pacific-interlude/versions/9897b285a7013115/files/f5715eb8067e54882e03e0bd7e4167eaeb4cae1ead309e365b346d2acc871ecb [none]
[debug] [2022-09-07T18:50:24.291Z] >>> [apiv2][body] POST https://upload-firebasehosting.googleapis.com/upload/sites/pacific-interlude/versions/9897b285a7013115/files/f5715eb8067e54882e03e0bd7e4167eaeb4cae1ead309e365b346d2acc871ecb [stream]
[debug] [2022-09-07T18:50:24.292Z] >>> [apiv2][query] POST https://upload-firebasehosting.googleapis.com/upload/sites/pacific-interlude/versions/9897b285a7013115/files/0b98b4c5871e649b64561fc569440144a3a09a4f73918db182659751cac42aa7 [none]
[debug] [2022-09-07T18:50:24.292Z] >>> [apiv2][body] POST https://upload-firebasehosting.googleapis.com/upload/sites/pacific-interlude/versions/9897b285a7013115/files/0b98b4c5871e649b64561fc569440144a3a09a4f73918db182659751cac42aa7 [stream]
[debug] [2022-09-07T18:50:24.292Z] >>> [apiv2][query] POST https://upload-firebasehosting.googleapis.com/upload/sites/pacific-interlude/versions/9897b285a7013115/files/3bf0ef14d15ba12f9cfcba43106ed4de58fc01f4461c008da3b19e4eb2b9e61a [none]
[debug] [2022-09-07T18:50:24.293Z] >>> [apiv2][body] POST https://upload-firebasehosting.googleapis.com/upload/sites/pacific-interlude/versions/9897b285a7013115/files/3bf0ef14d15ba12f9cfcba43106ed4de58fc01f4461c008da3b19e4eb2b9e61a [stream]
[debug] [2022-09-07T18:50:24.293Z] >>> [apiv2][query] POST https://upload-firebasehosting.googleapis.com/upload/sites/pacific-interlude/versions/9897b285a7013115/files/821fb7dfa9ed2b8857d3fd9b40082eb46d37387f8c6a132cdf3538674ee84894 [none]
[debug] [2022-09-07T18:50:24.293Z] >>> [apiv2][body] POST https://upload-firebasehosting.googleapis.com/upload/sites/pacific-interlude/versions/9897b285a7013115/files/821fb7dfa9ed2b8857d3fd9b40082eb46d37387f8c6a132cdf3538674ee84894 [stream]
[debug] [2022-09-07T18:50:24.294Z] >>> [apiv2][query] POST https://upload-firebasehosting.googleapis.com/upload/sites/pacific-interlude/versions/9897b285a7013115/files/5577b024502bda897f951f23d8c62d003ebda22f4a2835b97b0c605f4599dcec [none]
[debug] [2022-09-07T18:50:24.294Z] >>> [apiv2][body] POST https://upload-firebasehosting.googleapis.com/upload/sites/pacific-interlude/versions/9897b285a7013115/files/5577b024502bda897f951f23d8c62d003ebda22f4a2835b97b0c605f4599dcec [stream]
[debug] [2022-09-07T18:50:24.294Z] >>> [apiv2][query] POST https://upload-firebasehosting.googleapis.com/upload/sites/pacific-interlude/versions/9897b285a7013115/files/378695d4af8bdaf357a5e2404faa02cc43fde62b92e2cb35f19e143dea1a1816 [none]
[debug] [2022-09-07T18:50:24.294Z] >>> [apiv2][body] POST https://upload-firebasehosting.googleapis.com/upload/sites/pacific-interlude/versions/9897b285a7013115/files/378695d4af8bdaf357a5e2404faa02cc43fde62b92e2cb35f19e143dea1a1816 [stream]
[debug] [2022-09-07T18:50:24.297Z] [hosting][populate queue][FINAL] {"max":316,"min":316,"avg":316,"active":0,"complete":1,"success":1,"errored":0,"retried":0,"total":1,"elapsed":327}
[debug] [2022-09-07T18:50:24.297Z] [hosting] uploads queued: 13
[debug] [2022-09-07T18:50:24.903Z] <<< [apiv2][status] POST https://upload-firebasehosting.googleapis.com/upload/sites/pacific-interlude/versions/9897b285a7013115/files/9037ef16021ef1084c9550ce599472709dcd399b2ce74682cd4c2db680b5b2b7 200
[debug] [2022-09-07T18:50:24.903Z] <<< [apiv2][body] POST https://upload-firebasehosting.googleapis.com/upload/sites/pacific-interlude/versions/9897b285a7013115/files/9037ef16021ef1084c9550ce599472709dcd399b2ce74682cd4c2db680b5b2b7 [stream]
[debug] [2022-09-07T18:50:24.928Z] <<< [apiv2][status] POST https://upload-firebasehosting.googleapis.com/upload/sites/pacific-interlude/versions/9897b285a7013115/files/378695d4af8bdaf357a5e2404faa02cc43fde62b92e2cb35f19e143dea1a1816 200
[debug] [2022-09-07T18:50:24.928Z] <<< [apiv2][body] POST https://upload-firebasehosting.googleapis.com/upload/sites/pacific-interlude/versions/9897b285a7013115/files/378695d4af8bdaf357a5e2404faa02cc43fde62b92e2cb35f19e143dea1a1816 [stream]
[debug] [2022-09-07T18:50:24.987Z] <<< [apiv2][status] POST https://upload-firebasehosting.googleapis.com/upload/sites/pacific-interlude/versions/9897b285a7013115/files/eabbf687677727008bf5d83ddf1c64c36701a538d325045324eba222169f7816 200
[debug] [2022-09-07T18:50:24.987Z] <<< [apiv2][body] POST https://upload-firebasehosting.googleapis.com/upload/sites/pacific-interlude/versions/9897b285a7013115/files/eabbf687677727008bf5d83ddf1c64c36701a538d325045324eba222169f7816 [stream]
[debug] [2022-09-07T18:50:25.035Z] <<< [apiv2][status] POST https://upload-firebasehosting.googleapis.com/upload/sites/pacific-interlude/versions/9897b285a7013115/files/239b766ea1abdedca386f44174df491aaca29851dd9ded32116b466e2b99b291 200
[debug] [2022-09-07T18:50:25.035Z] <<< [apiv2][body] POST https://upload-firebasehosting.googleapis.com/upload/sites/pacific-interlude/versions/9897b285a7013115/files/239b766ea1abdedca386f44174df491aaca29851dd9ded32116b466e2b99b291 [stream]
[debug] [2022-09-07T18:50:25.036Z] <<< [apiv2][status] POST https://upload-firebasehosting.googleapis.com/upload/sites/pacific-interlude/versions/9897b285a7013115/files/3bf0ef14d15ba12f9cfcba43106ed4de58fc01f4461c008da3b19e4eb2b9e61a 200
[debug] [2022-09-07T18:50:25.036Z] <<< [apiv2][body] POST https://upload-firebasehosting.googleapis.com/upload/sites/pacific-interlude/versions/9897b285a7013115/files/3bf0ef14d15ba12f9cfcba43106ed4de58fc01f4461c008da3b19e4eb2b9e61a [stream]
[debug] [2022-09-07T18:50:25.038Z] <<< [apiv2][status] POST https://upload-firebasehosting.googleapis.com/upload/sites/pacific-interlude/versions/9897b285a7013115/files/5577b024502bda897f951f23d8c62d003ebda22f4a2835b97b0c605f4599dcec 200
[debug] [2022-09-07T18:50:25.038Z] <<< [apiv2][body] POST https://upload-firebasehosting.googleapis.com/upload/sites/pacific-interlude/versions/9897b285a7013115/files/5577b024502bda897f951f23d8c62d003ebda22f4a2835b97b0c605f4599dcec [stream]
[debug] [2022-09-07T18:50:25.052Z] <<< [apiv2][status] POST https://upload-firebasehosting.googleapis.com/upload/sites/pacific-interlude/versions/9897b285a7013115/files/0b98b4c5871e649b64561fc569440144a3a09a4f73918db182659751cac42aa7 200
[debug] [2022-09-07T18:50:25.052Z] <<< [apiv2][body] POST https://upload-firebasehosting.googleapis.com/upload/sites/pacific-interlude/versions/9897b285a7013115/files/0b98b4c5871e649b64561fc569440144a3a09a4f73918db182659751cac42aa7 [stream]
[debug] [2022-09-07T18:50:25.054Z] <<< [apiv2][status] POST https://upload-firebasehosting.googleapis.com/upload/sites/pacific-interlude/versions/9897b285a7013115/files/4d5a184d0ca3aa36470cc4f81fa7f264224b2335c8f8410e22d6cd400bef63d9 200
[debug] [2022-09-07T18:50:25.054Z] <<< [apiv2][body] POST https://upload-firebasehosting.googleapis.com/upload/sites/pacific-interlude/versions/9897b285a7013115/files/4d5a184d0ca3aa36470cc4f81fa7f264224b2335c8f8410e22d6cd400bef63d9 [stream]
[debug] [2022-09-07T18:50:25.056Z] <<< [apiv2][status] POST https://upload-firebasehosting.googleapis.com/upload/sites/pacific-interlude/versions/9897b285a7013115/files/d77eb4298dcca1610549ccd8a90f32261a800f351c39ac1875d9dd7e1aa1f4be 200
[debug] [2022-09-07T18:50:25.056Z] <<< [apiv2][body] POST https://upload-firebasehosting.googleapis.com/upload/sites/pacific-interlude/versions/9897b285a7013115/files/d77eb4298dcca1610549ccd8a90f32261a800f351c39ac1875d9dd7e1aa1f4be [stream]
[debug] [2022-09-07T18:50:25.095Z] <<< [apiv2][status] POST https://upload-firebasehosting.googleapis.com/upload/sites/pacific-interlude/versions/9897b285a7013115/files/6fcde5973f0ed6a8ef1ae579aabafb86805552d94bdf070cf1a9f418da45dfa9 200
[debug] [2022-09-07T18:50:25.095Z] <<< [apiv2][body] POST https://upload-firebasehosting.googleapis.com/upload/sites/pacific-interlude/versions/9897b285a7013115/files/6fcde5973f0ed6a8ef1ae579aabafb86805552d94bdf070cf1a9f418da45dfa9 [stream]
[debug] [2022-09-07T18:50:25.120Z] <<< [apiv2][status] POST https://upload-firebasehosting.googleapis.com/upload/sites/pacific-interlude/versions/9897b285a7013115/files/821fb7dfa9ed2b8857d3fd9b40082eb46d37387f8c6a132cdf3538674ee84894 200
[debug] [2022-09-07T18:50:25.120Z] <<< [apiv2][body] POST https://upload-firebasehosting.googleapis.com/upload/sites/pacific-interlude/versions/9897b285a7013115/files/821fb7dfa9ed2b8857d3fd9b40082eb46d37387f8c6a132cdf3538674ee84894 [stream]
[debug] [2022-09-07T18:50:25.160Z] <<< [apiv2][status] POST https://upload-firebasehosting.googleapis.com/upload/sites/pacific-interlude/versions/9897b285a7013115/files/760377891db45032168842b185b4a753d6ef7f96093b2b577bd32adc84e3d1c6 200
[debug] [2022-09-07T18:50:25.160Z] <<< [apiv2][body] POST https://upload-firebasehosting.googleapis.com/upload/sites/pacific-interlude/versions/9897b285a7013115/files/760377891db45032168842b185b4a753d6ef7f96093b2b577bd32adc84e3d1c6 [stream]
[debug] [2022-09-07T18:50:25.163Z] <<< [apiv2][status] POST https://upload-firebasehosting.googleapis.com/upload/sites/pacific-interlude/versions/9897b285a7013115/files/f5715eb8067e54882e03e0bd7e4167eaeb4cae1ead309e365b346d2acc871ecb 200
[debug] [2022-09-07T18:50:25.163Z] <<< [apiv2][body] POST https://upload-firebasehosting.googleapis.com/upload/sites/pacific-interlude/versions/9897b285a7013115/files/f5715eb8067e54882e03e0bd7e4167eaeb4cae1ead309e365b346d2acc871ecb [stream]
[debug] [2022-09-07T18:50:25.164Z] [hosting][upload queue][FINAL] {"max":878,"min":618,"avg":762.5384615384615,"active":0,"complete":13,"success":13,"errored":0,"retried":0,"total":13,"elapsed":879}
[info] +  hosting[pacific-interlude]: file upload complete 
[debug] [2022-09-07T18:50:25.165Z] [hosting] deploy completed after 1231ms
[info] i  functions: creating Node.js 16 function nextSsrServer(us-central1)... 
[debug] [2022-09-07T18:50:25.168Z] >>> [apiv2][query] POST https://cloudfunctions.googleapis.com/v1/projects/pacific-interlude/locations/us-central1/functions [none]
[debug] [2022-09-07T18:50:25.168Z] >>> [apiv2][body] POST https://cloudfunctions.googleapis.com/v1/projects/pacific-interlude/locations/us-central1/functions {"name":"projects/pacific-interlude/locations/us-central1/functions/nextSsrServer","sourceUploadUrl":"https://storage.googleapis.com/uploads-951996958745.us-central1.cloudfunctions.appspot.com/37e427ae-5dae-40dd-9edc-daff87f3c4b1.zip?GoogleAccessId=service-508796960985@gcf-admin-robot.iam.gserviceaccount.com&Expires=1662578424&Signature=XpwhESgbdN9inyzCMBHVLY5fEVT%2FdNRbSdx9882jWT8ZzQAmcbrKmVD4vuMETTkWP7R3WISEfjPeOiOePD%2Fvr9uILm9rILjEmYqcWKqowd38VBCq26rfw1VA%2FX%2BnpzMiPrftYr3mlaOZ2ydQidxl4VWvGyFD%2B3p8KKhDBfsXOXbBqOv9WAuseV9sKR2d%2ByprnAWFNB6unI6ympLbN1LhlE0Zc7a3NBMOFbBLFVUGJpe%2B5MhIjouOFrnS5%2Bojb2P2dPhbcEPu%2BCFdL54k%2FEhRjxLFJPPF8nwIDLBbtYp5Dr1iiWEN2r5oaDSYB7KhSYphY8vvHQMGbiTuyDHerHbQtA%3D%3D","entryPoint":"nextSsrServer","runtime":"nodejs16","dockerRegistry":"ARTIFACT_REGISTRY","labels":{"deployment-tool":"cli-firebase"},"httpsTrigger":{"securityLevel":"SECURE_ALWAYS"},"environmentVariables":{"FIREBASE_CONFIG":"{\"projectId\":\"pacific-interlude\",\"storageBucket\":\"pacific-interlude.appspot.com\",\"locationId\":\"us-central\"}","GCLOUD_PROJECT":"pacific-interlude"}}
[debug] [2022-09-07T18:50:25.878Z] <<< [apiv2][status] POST https://cloudfunctions.googleapis.com/v1/projects/pacific-interlude/locations/us-central1/functions 200
[debug] [2022-09-07T18:50:25.878Z] <<< [apiv2][body] POST https://cloudfunctions.googleapis.com/v1/projects/pacific-interlude/locations/us-central1/functions {"name":"operations/cGFjaWZpYy1pbnRlcmx1ZGUvdXMtY2VudHJhbDEvbmV4dFNzclNlcnZlci9tRU0xdWkyclZ6MA","metadata":{"@type":"type.googleapis.com/google.cloud.functions.v1.OperationMetadataV1","target":"projects/pacific-interlude/locations/us-central1/functions/nextSsrServer","type":"CREATE_FUNCTION","request":{"@type":"type.googleapis.com/google.cloud.functions.v1.CloudFunction","name":"projects/pacific-interlude/locations/us-central1/functions/nextSsrServer","httpsTrigger":{"securityLevel":"SECURE_ALWAYS"},"entryPoint":"nextSsrServer","labels":{"deployment-tool":"cli-firebase"},"sourceUploadUrl":"https://storage.googleapis.com/uploads-951996958745.us-central1.cloudfunctions.appspot.com/37e427ae-5dae-40dd-9edc-daff87f3c4b1.zip?GoogleAccessId=service-508796960985@gcf-admin-robot.iam.gserviceaccount.com&Expires=1662578424&Signature=XpwhESgbdN9inyzCMBHVLY5fEVT%2FdNRbSdx9882jWT8ZzQAmcbrKmVD4vuMETTkWP7R3WISEfjPeOiOePD%2Fvr9uILm9rILjEmYqcWKqowd38VBCq26rfw1VA%2FX%2BnpzMiPrftYr3mlaOZ2ydQidxl4VWvGyFD%2B3p8KKhDBfsXOXbBqOv9WAuseV9sKR2d%2ByprnAWFNB6unI6ympLbN1LhlE0Zc7a3NBMOFbBLFVUGJpe%2B5MhIjouOFrnS5%2Bojb2P2dPhbcEPu%2BCFdL54k%2FEhRjxLFJPPF8nwIDLBbtYp5Dr1iiWEN2r5oaDSYB7KhSYphY8vvHQMGbiTuyDHerHbQtA%3D%3D","environmentVariables":{"FIREBASE_CONFIG":"{\"projectId\":\"pacific-interlude\",\"storageBucket\":\"pacific-interlude.appspot.com\",\"locationId\":\"us-central\"}","GCLOUD_PROJECT":"pacific-interlude"},"runtime":"nodejs16","dockerRegistry":"ARTIFACT_REGISTRY"},"versionId":"1","updateTime":"2022-09-07T18:50:26Z"}}
[debug] [2022-09-07T18:50:25.878Z] >>> [apiv2][query] GET https://cloudfunctions.googleapis.com/v1/operations/cGFjaWZpYy1pbnRlcmx1ZGUvdXMtY2VudHJhbDEvbmV4dFNzclNlcnZlci9tRU0xdWkyclZ6MA [none]
[debug] [2022-09-07T18:50:26.104Z] <<< [apiv2][status] GET https://cloudfunctions.googleapis.com/v1/operations/cGFjaWZpYy1pbnRlcmx1ZGUvdXMtY2VudHJhbDEvbmV4dFNzclNlcnZlci9tRU0xdWkyclZ6MA 200
[debug] [2022-09-07T18:50:26.104Z] <<< [apiv2][body] GET https://cloudfunctions.googleapis.com/v1/operations/cGFjaWZpYy1pbnRlcmx1ZGUvdXMtY2VudHJhbDEvbmV4dFNzclNlcnZlci9tRU0xdWkyclZ6MA {"name":"operations/cGFjaWZpYy1pbnRlcmx1ZGUvdXMtY2VudHJhbDEvbmV4dFNzclNlcnZlci9tRU0xdWkyclZ6MA","metadata":{"@type":"type.googleapis.com/google.cloud.functions.v1.OperationMetadataV1","target":"projects/pacific-interlude/locations/us-central1/functions/nextSsrServer","type":"CREATE_FUNCTION","request":{"@type":"type.googleapis.com/google.cloud.functions.v1.CloudFunction","name":"projects/pacific-interlude/locations/us-central1/functions/nextSsrServer","httpsTrigger":{"securityLevel":"SECURE_ALWAYS"},"entryPoint":"nextSsrServer","labels":{"deployment-tool":"cli-firebase"},"sourceUploadUrl":"https://storage.googleapis.com/uploads-951996958745.us-central1.cloudfunctions.appspot.com/37e427ae-5dae-40dd-9edc-daff87f3c4b1.zip?GoogleAccessId=service-508796960985@gcf-admin-robot.iam.gserviceaccount.com&Expires=1662578424&Signature=XpwhESgbdN9inyzCMBHVLY5fEVT%2FdNRbSdx9882jWT8ZzQAmcbrKmVD4vuMETTkWP7R3WISEfjPeOiOePD%2Fvr9uILm9rILjEmYqcWKqowd38VBCq26rfw1VA%2FX%2BnpzMiPrftYr3mlaOZ2ydQidxl4VWvGyFD%2B3p8KKhDBfsXOXbBqOv9WAuseV9sKR2d%2ByprnAWFNB6unI6ympLbN1LhlE0Zc7a3NBMOFbBLFVUGJpe%2B5MhIjouOFrnS5%2Bojb2P2dPhbcEPu%2BCFdL54k%2FEhRjxLFJPPF8nwIDLBbtYp5Dr1iiWEN2r5oaDSYB7KhSYphY8vvHQMGbiTuyDHerHbQtA%3D%3D","environmentVariables":{"FIREBASE_CONFIG":"{\"projectId\":\"pacific-interlude\",\"storageBucket\":\"pacific-interlude.appspot.com\",\"locationId\":\"us-central\"}","GCLOUD_PROJECT":"pacific-interlude"},"runtime":"nodejs16","dockerRegistry":"ARTIFACT_REGISTRY"},"versionId":"1","updateTime":"2022-09-07T18:50:26Z"}}
[debug] [2022-09-07T18:50:26.605Z] [create-default-us-central1-nextSsrServer] Retrying task index 0
[debug] [2022-09-07T18:50:26.605Z] >>> [apiv2][query] GET https://cloudfunctions.googleapis.com/v1/operations/cGFjaWZpYy1pbnRlcmx1ZGUvdXMtY2VudHJhbDEvbmV4dFNzclNlcnZlci9tRU0xdWkyclZ6MA [none]
[debug] [2022-09-07T18:50:26.827Z] <<< [apiv2][status] GET https://cloudfunctions.googleapis.com/v1/operations/cGFjaWZpYy1pbnRlcmx1ZGUvdXMtY2VudHJhbDEvbmV4dFNzclNlcnZlci9tRU0xdWkyclZ6MA 200
[debug] [2022-09-07T18:50:26.827Z] <<< [apiv2][body] GET https://cloudfunctions.googleapis.com/v1/operations/cGFjaWZpYy1pbnRlcmx1ZGUvdXMtY2VudHJhbDEvbmV4dFNzclNlcnZlci9tRU0xdWkyclZ6MA {"name":"operations/cGFjaWZpYy1pbnRlcmx1ZGUvdXMtY2VudHJhbDEvbmV4dFNzclNlcnZlci9tRU0xdWkyclZ6MA","metadata":{"@type":"type.googleapis.com/google.cloud.functions.v1.OperationMetadataV1","target":"projects/pacific-interlude/locations/us-central1/functions/nextSsrServer","type":"CREATE_FUNCTION","request":{"@type":"type.googleapis.com/google.cloud.functions.v1.CloudFunction","name":"projects/pacific-interlude/locations/us-central1/functions/nextSsrServer","httpsTrigger":{"securityLevel":"SECURE_ALWAYS"},"entryPoint":"nextSsrServer","labels":{"deployment-tool":"cli-firebase"},"sourceUploadUrl":"https://storage.googleapis.com/uploads-951996958745.us-central1.cloudfunctions.appspot.com/37e427ae-5dae-40dd-9edc-daff87f3c4b1.zip?GoogleAccessId=service-508796960985@gcf-admin-robot.iam.gserviceaccount.com&Expires=1662578424&Signature=XpwhESgbdN9inyzCMBHVLY5fEVT%2FdNRbSdx9882jWT8ZzQAmcbrKmVD4vuMETTkWP7R3WISEfjPeOiOePD%2Fvr9uILm9rILjEmYqcWKqowd38VBCq26rfw1VA%2FX%2BnpzMiPrftYr3mlaOZ2ydQidxl4VWvGyFD%2B3p8KKhDBfsXOXbBqOv9WAuseV9sKR2d%2ByprnAWFNB6unI6ympLbN1LhlE0Zc7a3NBMOFbBLFVUGJpe%2B5MhIjouOFrnS5%2Bojb2P2dPhbcEPu%2BCFdL54k%2FEhRjxLFJPPF8nwIDLBbtYp5Dr1iiWEN2r5oaDSYB7KhSYphY8vvHQMGbiTuyDHerHbQtA%3D%3D","environmentVariables":{"FIREBASE_CONFIG":"{\"projectId\":\"pacific-interlude\",\"storageBucket\":\"pacific-interlude.appspot.com\",\"locationId\":\"us-central\"}","GCLOUD_PROJECT":"pacific-interlude"},"runtime":"nodejs16","dockerRegistry":"ARTIFACT_REGISTRY"},"versionId":"1","updateTime":"2022-09-07T18:50:27Z"}}
[debug] [2022-09-07T18:50:27.839Z] [create-default-us-central1-nextSsrServer] Retrying task index 0
[debug] [2022-09-07T18:50:27.840Z] >>> [apiv2][query] GET https://cloudfunctions.googleapis.com/v1/operations/cGFjaWZpYy1pbnRlcmx1ZGUvdXMtY2VudHJhbDEvbmV4dFNzclNlcnZlci9tRU0xdWkyclZ6MA [none]
[debug] [2022-09-07T18:50:28.085Z] <<< [apiv2][status] GET https://cloudfunctions.googleapis.com/v1/operations/cGFjaWZpYy1pbnRlcmx1ZGUvdXMtY2VudHJhbDEvbmV4dFNzclNlcnZlci9tRU0xdWkyclZ6MA 200
[debug] [2022-09-07T18:50:28.085Z] <<< [apiv2][body] GET https://cloudfunctions.googleapis.com/v1/operations/cGFjaWZpYy1pbnRlcmx1ZGUvdXMtY2VudHJhbDEvbmV4dFNzclNlcnZlci9tRU0xdWkyclZ6MA {"name":"operations/cGFjaWZpYy1pbnRlcmx1ZGUvdXMtY2VudHJhbDEvbmV4dFNzclNlcnZlci9tRU0xdWkyclZ6MA","metadata":{"@type":"type.googleapis.com/google.cloud.functions.v1.OperationMetadataV1","target":"projects/pacific-interlude/locations/us-central1/functions/nextSsrServer","type":"CREATE_FUNCTION","request":{"@type":"type.googleapis.com/google.cloud.functions.v1.CloudFunction","name":"projects/pacific-interlude/locations/us-central1/functions/nextSsrServer","httpsTrigger":{"securityLevel":"SECURE_ALWAYS"},"entryPoint":"nextSsrServer","labels":{"deployment-tool":"cli-firebase"},"sourceUploadUrl":"https://storage.googleapis.com/uploads-951996958745.us-central1.cloudfunctions.appspot.com/37e427ae-5dae-40dd-9edc-daff87f3c4b1.zip?GoogleAccessId=service-508796960985@gcf-admin-robot.iam.gserviceaccount.com&Expires=1662578424&Signature=XpwhESgbdN9inyzCMBHVLY5fEVT%2FdNRbSdx9882jWT8ZzQAmcbrKmVD4vuMETTkWP7R3WISEfjPeOiOePD%2Fvr9uILm9rILjEmYqcWKqowd38VBCq26rfw1VA%2FX%2BnpzMiPrftYr3mlaOZ2ydQidxl4VWvGyFD%2B3p8KKhDBfsXOXbBqOv9WAuseV9sKR2d%2ByprnAWFNB6unI6ympLbN1LhlE0Zc7a3NBMOFbBLFVUGJpe%2B5MhIjouOFrnS5%2Bojb2P2dPhbcEPu%2BCFdL54k%2FEhRjxLFJPPF8nwIDLBbtYp5Dr1iiWEN2r5oaDSYB7KhSYphY8vvHQMGbiTuyDHerHbQtA%3D%3D","environmentVariables":{"FIREBASE_CONFIG":"{\"projectId\":\"pacific-interlude\",\"storageBucket\":\"pacific-interlude.appspot.com\",\"locationId\":\"us-central\"}","GCLOUD_PROJECT":"pacific-interlude"},"runtime":"nodejs16","dockerRegistry":"ARTIFACT_REGISTRY"},"versionId":"1","updateTime":"2022-09-07T18:50:27Z"}}
[debug] [2022-09-07T18:50:30.100Z] [create-default-us-central1-nextSsrServer] Retrying task index 0
[debug] [2022-09-07T18:50:30.100Z] >>> [apiv2][query] GET https://cloudfunctions.googleapis.com/v1/operations/cGFjaWZpYy1pbnRlcmx1ZGUvdXMtY2VudHJhbDEvbmV4dFNzclNlcnZlci9tRU0xdWkyclZ6MA [none]
[debug] [2022-09-07T18:50:30.295Z] <<< [apiv2][status] GET https://cloudfunctions.googleapis.com/v1/operations/cGFjaWZpYy1pbnRlcmx1ZGUvdXMtY2VudHJhbDEvbmV4dFNzclNlcnZlci9tRU0xdWkyclZ6MA 200
[debug] [2022-09-07T18:50:30.295Z] <<< [apiv2][body] GET https://cloudfunctions.googleapis.com/v1/operations/cGFjaWZpYy1pbnRlcmx1ZGUvdXMtY2VudHJhbDEvbmV4dFNzclNlcnZlci9tRU0xdWkyclZ6MA {"name":"operations/cGFjaWZpYy1pbnRlcmx1ZGUvdXMtY2VudHJhbDEvbmV4dFNzclNlcnZlci9tRU0xdWkyclZ6MA","metadata":{"@type":"type.googleapis.com/google.cloud.functions.v1.OperationMetadataV1","target":"projects/pacific-interlude/locations/us-central1/functions/nextSsrServer","type":"CREATE_FUNCTION","request":{"@type":"type.googleapis.com/google.cloud.functions.v1.CloudFunction","name":"projects/pacific-interlude/locations/us-central1/functions/nextSsrServer","httpsTrigger":{"securityLevel":"SECURE_ALWAYS"},"entryPoint":"nextSsrServer","labels":{"deployment-tool":"cli-firebase"},"sourceUploadUrl":"https://storage.googleapis.com/uploads-951996958745.us-central1.cloudfunctions.appspot.com/37e427ae-5dae-40dd-9edc-daff87f3c4b1.zip?GoogleAccessId=service-508796960985@gcf-admin-robot.iam.gserviceaccount.com&Expires=1662578424&Signature=XpwhESgbdN9inyzCMBHVLY5fEVT%2FdNRbSdx9882jWT8ZzQAmcbrKmVD4vuMETTkWP7R3WISEfjPeOiOePD%2Fvr9uILm9rILjEmYqcWKqowd38VBCq26rfw1VA%2FX%2BnpzMiPrftYr3mlaOZ2ydQidxl4VWvGyFD%2B3p8KKhDBfsXOXbBqOv9WAuseV9sKR2d%2ByprnAWFNB6unI6ympLbN1LhlE0Zc7a3NBMOFbBLFVUGJpe%2B5MhIjouOFrnS5%2Bojb2P2dPhbcEPu%2BCFdL54k%2FEhRjxLFJPPF8nwIDLBbtYp5Dr1iiWEN2r5oaDSYB7KhSYphY8vvHQMGbiTuyDHerHbQtA%3D%3D","environmentVariables":{"FIREBASE_CONFIG":"{\"projectId\":\"pacific-interlude\",\"storageBucket\":\"pacific-interlude.appspot.com\",\"locationId\":\"us-central\"}","GCLOUD_PROJECT":"pacific-interlude"},"runtime":"nodejs16","dockerRegistry":"ARTIFACT_REGISTRY"},"versionId":"1","updateTime":"2022-09-07T18:50:27Z"}}
[debug] [2022-09-07T18:50:34.304Z] [create-default-us-central1-nextSsrServer] Retrying task index 0
[debug] [2022-09-07T18:50:34.305Z] >>> [apiv2][query] GET https://cloudfunctions.googleapis.com/v1/operations/cGFjaWZpYy1pbnRlcmx1ZGUvdXMtY2VudHJhbDEvbmV4dFNzclNlcnZlci9tRU0xdWkyclZ6MA [none]
[debug] [2022-09-07T18:50:34.500Z] <<< [apiv2][status] GET https://cloudfunctions.googleapis.com/v1/operations/cGFjaWZpYy1pbnRlcmx1ZGUvdXMtY2VudHJhbDEvbmV4dFNzclNlcnZlci9tRU0xdWkyclZ6MA 200
[debug] [2022-09-07T18:50:34.500Z] <<< [apiv2][body] GET https://cloudfunctions.googleapis.com/v1/operations/cGFjaWZpYy1pbnRlcmx1ZGUvdXMtY2VudHJhbDEvbmV4dFNzclNlcnZlci9tRU0xdWkyclZ6MA {"name":"operations/cGFjaWZpYy1pbnRlcmx1ZGUvdXMtY2VudHJhbDEvbmV4dFNzclNlcnZlci9tRU0xdWkyclZ6MA","metadata":{"@type":"type.googleapis.com/google.cloud.functions.v1.OperationMetadataV1","target":"projects/pacific-interlude/locations/us-central1/functions/nextSsrServer","type":"CREATE_FUNCTION","request":{"@type":"type.googleapis.com/google.cloud.functions.v1.CloudFunction","name":"projects/pacific-interlude/locations/us-central1/functions/nextSsrServer","httpsTrigger":{"securityLevel":"SECURE_ALWAYS"},"entryPoint":"nextSsrServer","labels":{"deployment-tool":"cli-firebase"},"sourceUploadUrl":"https://storage.googleapis.com/uploads-951996958745.us-central1.cloudfunctions.appspot.com/37e427ae-5dae-40dd-9edc-daff87f3c4b1.zip?GoogleAccessId=service-508796960985@gcf-admin-robot.iam.gserviceaccount.com&Expires=1662578424&Signature=XpwhESgbdN9inyzCMBHVLY5fEVT%2FdNRbSdx9882jWT8ZzQAmcbrKmVD4vuMETTkWP7R3WISEfjPeOiOePD%2Fvr9uILm9rILjEmYqcWKqowd38VBCq26rfw1VA%2FX%2BnpzMiPrftYr3mlaOZ2ydQidxl4VWvGyFD%2B3p8KKhDBfsXOXbBqOv9WAuseV9sKR2d%2ByprnAWFNB6unI6ympLbN1LhlE0Zc7a3NBMOFbBLFVUGJpe%2B5MhIjouOFrnS5%2Bojb2P2dPhbcEPu%2BCFdL54k%2FEhRjxLFJPPF8nwIDLBbtYp5Dr1iiWEN2r5oaDSYB7KhSYphY8vvHQMGbiTuyDHerHbQtA%3D%3D","environmentVariables":{"FIREBASE_CONFIG":"{\"projectId\":\"pacific-interlude\",\"storageBucket\":\"pacific-interlude.appspot.com\",\"locationId\":\"us-central\"}","GCLOUD_PROJECT":"pacific-interlude"},"runtime":"nodejs16","dockerRegistry":"ARTIFACT_REGISTRY"},"versionId":"1","updateTime":"2022-09-07T18:50:27Z"}}
[debug] [2022-09-07T18:50:42.506Z] [create-default-us-central1-nextSsrServer] Retrying task index 0
[debug] [2022-09-07T18:50:42.506Z] >>> [apiv2][query] GET https://cloudfunctions.googleapis.com/v1/operations/cGFjaWZpYy1pbnRlcmx1ZGUvdXMtY2VudHJhbDEvbmV4dFNzclNlcnZlci9tRU0xdWkyclZ6MA [none]
[debug] [2022-09-07T18:50:42.782Z] <<< [apiv2][status] GET https://cloudfunctions.googleapis.com/v1/operations/cGFjaWZpYy1pbnRlcmx1ZGUvdXMtY2VudHJhbDEvbmV4dFNzclNlcnZlci9tRU0xdWkyclZ6MA 200
[debug] [2022-09-07T18:50:42.782Z] <<< [apiv2][body] GET https://cloudfunctions.googleapis.com/v1/operations/cGFjaWZpYy1pbnRlcmx1ZGUvdXMtY2VudHJhbDEvbmV4dFNzclNlcnZlci9tRU0xdWkyclZ6MA {"name":"operations/cGFjaWZpYy1pbnRlcmx1ZGUvdXMtY2VudHJhbDEvbmV4dFNzclNlcnZlci9tRU0xdWkyclZ6MA","metadata":{"@type":"type.googleapis.com/google.cloud.functions.v1.OperationMetadataV1","target":"projects/pacific-interlude/locations/us-central1/functions/nextSsrServer","type":"CREATE_FUNCTION","request":{"@type":"type.googleapis.com/google.cloud.functions.v1.CloudFunction","name":"projects/pacific-interlude/locations/us-central1/functions/nextSsrServer","httpsTrigger":{"securityLevel":"SECURE_ALWAYS"},"entryPoint":"nextSsrServer","labels":{"deployment-tool":"cli-firebase"},"sourceUploadUrl":"https://storage.googleapis.com/uploads-951996958745.us-central1.cloudfunctions.appspot.com/37e427ae-5dae-40dd-9edc-daff87f3c4b1.zip?GoogleAccessId=service-508796960985@gcf-admin-robot.iam.gserviceaccount.com&Expires=1662578424&Signature=XpwhESgbdN9inyzCMBHVLY5fEVT%2FdNRbSdx9882jWT8ZzQAmcbrKmVD4vuMETTkWP7R3WISEfjPeOiOePD%2Fvr9uILm9rILjEmYqcWKqowd38VBCq26rfw1VA%2FX%2BnpzMiPrftYr3mlaOZ2ydQidxl4VWvGyFD%2B3p8KKhDBfsXOXbBqOv9WAuseV9sKR2d%2ByprnAWFNB6unI6ympLbN1LhlE0Zc7a3NBMOFbBLFVUGJpe%2B5MhIjouOFrnS5%2Bojb2P2dPhbcEPu%2BCFdL54k%2FEhRjxLFJPPF8nwIDLBbtYp5Dr1iiWEN2r5oaDSYB7KhSYphY8vvHQMGbiTuyDHerHbQtA%3D%3D","environmentVariables":{"FIREBASE_CONFIG":"{\"projectId\":\"pacific-interlude\",\"storageBucket\":\"pacific-interlude.appspot.com\",\"locationId\":\"us-central\"}","GCLOUD_PROJECT":"pacific-interlude"},"runtime":"nodejs16","dockerRegistry":"ARTIFACT_REGISTRY"},"versionId":"1","updateTime":"2022-09-07T18:50:27Z","buildId":"5bc4ebbd-2804-4c2c-b7c9-2f071f9261d8","buildName":"projects/508796960985/locations/us-central1/builds/5bc4ebbd-2804-4c2c-b7c9-2f071f9261d8"}}
[debug] [2022-09-07T18:50:52.784Z] [create-default-us-central1-nextSsrServer] Retrying task index 0
[debug] [2022-09-07T18:50:52.784Z] >>> [apiv2][query] GET https://cloudfunctions.googleapis.com/v1/operations/cGFjaWZpYy1pbnRlcmx1ZGUvdXMtY2VudHJhbDEvbmV4dFNzclNlcnZlci9tRU0xdWkyclZ6MA [none]
[debug] [2022-09-07T18:50:52.982Z] <<< [apiv2][status] GET https://cloudfunctions.googleapis.com/v1/operations/cGFjaWZpYy1pbnRlcmx1ZGUvdXMtY2VudHJhbDEvbmV4dFNzclNlcnZlci9tRU0xdWkyclZ6MA 200
[debug] [2022-09-07T18:50:52.982Z] <<< [apiv2][body] GET https://cloudfunctions.googleapis.com/v1/operations/cGFjaWZpYy1pbnRlcmx1ZGUvdXMtY2VudHJhbDEvbmV4dFNzclNlcnZlci9tRU0xdWkyclZ6MA {"name":"operations/cGFjaWZpYy1pbnRlcmx1ZGUvdXMtY2VudHJhbDEvbmV4dFNzclNlcnZlci9tRU0xdWkyclZ6MA","metadata":{"@type":"type.googleapis.com/google.cloud.functions.v1.OperationMetadataV1","target":"projects/pacific-interlude/locations/us-central1/functions/nextSsrServer","type":"CREATE_FUNCTION","request":{"@type":"type.googleapis.com/google.cloud.functions.v1.CloudFunction","name":"projects/pacific-interlude/locations/us-central1/functions/nextSsrServer","httpsTrigger":{"securityLevel":"SECURE_ALWAYS"},"entryPoint":"nextSsrServer","labels":{"deployment-tool":"cli-firebase"},"sourceUploadUrl":"https://storage.googleapis.com/uploads-951996958745.us-central1.cloudfunctions.appspot.com/37e427ae-5dae-40dd-9edc-daff87f3c4b1.zip?GoogleAccessId=service-508796960985@gcf-admin-robot.iam.gserviceaccount.com&Expires=1662578424&Signature=XpwhESgbdN9inyzCMBHVLY5fEVT%2FdNRbSdx9882jWT8ZzQAmcbrKmVD4vuMETTkWP7R3WISEfjPeOiOePD%2Fvr9uILm9rILjEmYqcWKqowd38VBCq26rfw1VA%2FX%2BnpzMiPrftYr3mlaOZ2ydQidxl4VWvGyFD%2B3p8KKhDBfsXOXbBqOv9WAuseV9sKR2d%2ByprnAWFNB6unI6ympLbN1LhlE0Zc7a3NBMOFbBLFVUGJpe%2B5MhIjouOFrnS5%2Bojb2P2dPhbcEPu%2BCFdL54k%2FEhRjxLFJPPF8nwIDLBbtYp5Dr1iiWEN2r5oaDSYB7KhSYphY8vvHQMGbiTuyDHerHbQtA%3D%3D","environmentVariables":{"FIREBASE_CONFIG":"{\"projectId\":\"pacific-interlude\",\"storageBucket\":\"pacific-interlude.appspot.com\",\"locationId\":\"us-central\"}","GCLOUD_PROJECT":"pacific-interlude"},"runtime":"nodejs16","dockerRegistry":"ARTIFACT_REGISTRY"},"versionId":"1","updateTime":"2022-09-07T18:50:27Z","buildId":"5bc4ebbd-2804-4c2c-b7c9-2f071f9261d8","buildName":"projects/508796960985/locations/us-central1/builds/5bc4ebbd-2804-4c2c-b7c9-2f071f9261d8"}}
[debug] [2022-09-07T18:51:02.994Z] [create-default-us-central1-nextSsrServer] Retrying task index 0
[debug] [2022-09-07T18:51:02.994Z] >>> [apiv2][query] GET https://cloudfunctions.googleapis.com/v1/operations/cGFjaWZpYy1pbnRlcmx1ZGUvdXMtY2VudHJhbDEvbmV4dFNzclNlcnZlci9tRU0xdWkyclZ6MA [none]
[debug] [2022-09-07T18:51:03.194Z] <<< [apiv2][status] GET https://cloudfunctions.googleapis.com/v1/operations/cGFjaWZpYy1pbnRlcmx1ZGUvdXMtY2VudHJhbDEvbmV4dFNzclNlcnZlci9tRU0xdWkyclZ6MA 200
[debug] [2022-09-07T18:51:03.194Z] <<< [apiv2][body] GET https://cloudfunctions.googleapis.com/v1/operations/cGFjaWZpYy1pbnRlcmx1ZGUvdXMtY2VudHJhbDEvbmV4dFNzclNlcnZlci9tRU0xdWkyclZ6MA {"name":"operations/cGFjaWZpYy1pbnRlcmx1ZGUvdXMtY2VudHJhbDEvbmV4dFNzclNlcnZlci9tRU0xdWkyclZ6MA","metadata":{"@type":"type.googleapis.com/google.cloud.functions.v1.OperationMetadataV1","target":"projects/pacific-interlude/locations/us-central1/functions/nextSsrServer","type":"CREATE_FUNCTION","request":{"@type":"type.googleapis.com/google.cloud.functions.v1.CloudFunction","name":"projects/pacific-interlude/locations/us-central1/functions/nextSsrServer","httpsTrigger":{"securityLevel":"SECURE_ALWAYS"},"entryPoint":"nextSsrServer","labels":{"deployment-tool":"cli-firebase"},"sourceUploadUrl":"https://storage.googleapis.com/uploads-951996958745.us-central1.cloudfunctions.appspot.com/37e427ae-5dae-40dd-9edc-daff87f3c4b1.zip?GoogleAccessId=service-508796960985@gcf-admin-robot.iam.gserviceaccount.com&Expires=1662578424&Signature=XpwhESgbdN9inyzCMBHVLY5fEVT%2FdNRbSdx9882jWT8ZzQAmcbrKmVD4vuMETTkWP7R3WISEfjPeOiOePD%2Fvr9uILm9rILjEmYqcWKqowd38VBCq26rfw1VA%2FX%2BnpzMiPrftYr3mlaOZ2ydQidxl4VWvGyFD%2B3p8KKhDBfsXOXbBqOv9WAuseV9sKR2d%2ByprnAWFNB6unI6ympLbN1LhlE0Zc7a3NBMOFbBLFVUGJpe%2B5MhIjouOFrnS5%2Bojb2P2dPhbcEPu%2BCFdL54k%2FEhRjxLFJPPF8nwIDLBbtYp5Dr1iiWEN2r5oaDSYB7KhSYphY8vvHQMGbiTuyDHerHbQtA%3D%3D","environmentVariables":{"FIREBASE_CONFIG":"{\"projectId\":\"pacific-interlude\",\"storageBucket\":\"pacific-interlude.appspot.com\",\"locationId\":\"us-central\"}","GCLOUD_PROJECT":"pacific-interlude"},"runtime":"nodejs16","dockerRegistry":"ARTIFACT_REGISTRY"},"versionId":"1","updateTime":"2022-09-07T18:50:27Z","buildId":"5bc4ebbd-2804-4c2c-b7c9-2f071f9261d8","buildName":"projects/508796960985/locations/us-central1/builds/5bc4ebbd-2804-4c2c-b7c9-2f071f9261d8"}}
[debug] [2022-09-07T18:51:13.203Z] [create-default-us-central1-nextSsrServer] Retrying task index 0
[debug] [2022-09-07T18:51:13.203Z] >>> [apiv2][query] GET https://cloudfunctions.googleapis.com/v1/operations/cGFjaWZpYy1pbnRlcmx1ZGUvdXMtY2VudHJhbDEvbmV4dFNzclNlcnZlci9tRU0xdWkyclZ6MA [none]
[debug] [2022-09-07T18:51:13.402Z] <<< [apiv2][status] GET https://cloudfunctions.googleapis.com/v1/operations/cGFjaWZpYy1pbnRlcmx1ZGUvdXMtY2VudHJhbDEvbmV4dFNzclNlcnZlci9tRU0xdWkyclZ6MA 200
[debug] [2022-09-07T18:51:13.402Z] <<< [apiv2][body] GET https://cloudfunctions.googleapis.com/v1/operations/cGFjaWZpYy1pbnRlcmx1ZGUvdXMtY2VudHJhbDEvbmV4dFNzclNlcnZlci9tRU0xdWkyclZ6MA {"name":"operations/cGFjaWZpYy1pbnRlcmx1ZGUvdXMtY2VudHJhbDEvbmV4dFNzclNlcnZlci9tRU0xdWkyclZ6MA","metadata":{"@type":"type.googleapis.com/google.cloud.functions.v1.OperationMetadataV1","target":"projects/pacific-interlude/locations/us-central1/functions/nextSsrServer","type":"CREATE_FUNCTION","request":{"@type":"type.googleapis.com/google.cloud.functions.v1.CloudFunction","name":"projects/pacific-interlude/locations/us-central1/functions/nextSsrServer","httpsTrigger":{"securityLevel":"SECURE_ALWAYS"},"entryPoint":"nextSsrServer","labels":{"deployment-tool":"cli-firebase"},"sourceUploadUrl":"https://storage.googleapis.com/uploads-951996958745.us-central1.cloudfunctions.appspot.com/37e427ae-5dae-40dd-9edc-daff87f3c4b1.zip?GoogleAccessId=service-508796960985@gcf-admin-robot.iam.gserviceaccount.com&Expires=1662578424&Signature=XpwhESgbdN9inyzCMBHVLY5fEVT%2FdNRbSdx9882jWT8ZzQAmcbrKmVD4vuMETTkWP7R3WISEfjPeOiOePD%2Fvr9uILm9rILjEmYqcWKqowd38VBCq26rfw1VA%2FX%2BnpzMiPrftYr3mlaOZ2ydQidxl4VWvGyFD%2B3p8KKhDBfsXOXbBqOv9WAuseV9sKR2d%2ByprnAWFNB6unI6ympLbN1LhlE0Zc7a3NBMOFbBLFVUGJpe%2B5MhIjouOFrnS5%2Bojb2P2dPhbcEPu%2BCFdL54k%2FEhRjxLFJPPF8nwIDLBbtYp5Dr1iiWEN2r5oaDSYB7KhSYphY8vvHQMGbiTuyDHerHbQtA%3D%3D","environmentVariables":{"FIREBASE_CONFIG":"{\"projectId\":\"pacific-interlude\",\"storageBucket\":\"pacific-interlude.appspot.com\",\"locationId\":\"us-central\"}","GCLOUD_PROJECT":"pacific-interlude"},"runtime":"nodejs16","dockerRegistry":"ARTIFACT_REGISTRY"},"versionId":"1","updateTime":"2022-09-07T18:50:27Z","buildId":"5bc4ebbd-2804-4c2c-b7c9-2f071f9261d8","buildName":"projects/508796960985/locations/us-central1/builds/5bc4ebbd-2804-4c2c-b7c9-2f071f9261d8"}}
[debug] [2022-09-07T18:51:23.415Z] [create-default-us-central1-nextSsrServer] Retrying task index 0
[debug] [2022-09-07T18:51:23.416Z] >>> [apiv2][query] GET https://cloudfunctions.googleapis.com/v1/operations/cGFjaWZpYy1pbnRlcmx1ZGUvdXMtY2VudHJhbDEvbmV4dFNzclNlcnZlci9tRU0xdWkyclZ6MA [none]
[debug] [2022-09-07T18:51:23.640Z] <<< [apiv2][status] GET https://cloudfunctions.googleapis.com/v1/operations/cGFjaWZpYy1pbnRlcmx1ZGUvdXMtY2VudHJhbDEvbmV4dFNzclNlcnZlci9tRU0xdWkyclZ6MA 200
[debug] [2022-09-07T18:51:23.640Z] <<< [apiv2][body] GET https://cloudfunctions.googleapis.com/v1/operations/cGFjaWZpYy1pbnRlcmx1ZGUvdXMtY2VudHJhbDEvbmV4dFNzclNlcnZlci9tRU0xdWkyclZ6MA {"name":"operations/cGFjaWZpYy1pbnRlcmx1ZGUvdXMtY2VudHJhbDEvbmV4dFNzclNlcnZlci9tRU0xdWkyclZ6MA","metadata":{"@type":"type.googleapis.com/google.cloud.functions.v1.OperationMetadataV1","target":"projects/pacific-interlude/locations/us-central1/functions/nextSsrServer","type":"CREATE_FUNCTION","request":{"@type":"type.googleapis.com/google.cloud.functions.v1.CloudFunction","name":"projects/pacific-interlude/locations/us-central1/functions/nextSsrServer","httpsTrigger":{"securityLevel":"SECURE_ALWAYS"},"entryPoint":"nextSsrServer","labels":{"deployment-tool":"cli-firebase"},"sourceUploadUrl":"https://storage.googleapis.com/uploads-951996958745.us-central1.cloudfunctions.appspot.com/37e427ae-5dae-40dd-9edc-daff87f3c4b1.zip?GoogleAccessId=service-508796960985@gcf-admin-robot.iam.gserviceaccount.com&Expires=1662578424&Signature=XpwhESgbdN9inyzCMBHVLY5fEVT%2FdNRbSdx9882jWT8ZzQAmcbrKmVD4vuMETTkWP7R3WISEfjPeOiOePD%2Fvr9uILm9rILjEmYqcWKqowd38VBCq26rfw1VA%2FX%2BnpzMiPrftYr3mlaOZ2ydQidxl4VWvGyFD%2B3p8KKhDBfsXOXbBqOv9WAuseV9sKR2d%2ByprnAWFNB6unI6ympLbN1LhlE0Zc7a3NBMOFbBLFVUGJpe%2B5MhIjouOFrnS5%2Bojb2P2dPhbcEPu%2BCFdL54k%2FEhRjxLFJPPF8nwIDLBbtYp5Dr1iiWEN2r5oaDSYB7KhSYphY8vvHQMGbiTuyDHerHbQtA%3D%3D","environmentVariables":{"FIREBASE_CONFIG":"{\"projectId\":\"pacific-interlude\",\"storageBucket\":\"pacific-interlude.appspot.com\",\"locationId\":\"us-central\"}","GCLOUD_PROJECT":"pacific-interlude"},"runtime":"nodejs16","dockerRegistry":"ARTIFACT_REGISTRY"},"versionId":"1","updateTime":"2022-09-07T18:50:27Z","buildId":"5bc4ebbd-2804-4c2c-b7c9-2f071f9261d8","buildName":"projects/508796960985/locations/us-central1/builds/5bc4ebbd-2804-4c2c-b7c9-2f071f9261d8"}}
[debug] [2022-09-07T18:51:33.654Z] [create-default-us-central1-nextSsrServer] Retrying task index 0
[debug] [2022-09-07T18:51:33.654Z] >>> [apiv2][query] GET https://cloudfunctions.googleapis.com/v1/operations/cGFjaWZpYy1pbnRlcmx1ZGUvdXMtY2VudHJhbDEvbmV4dFNzclNlcnZlci9tRU0xdWkyclZ6MA [none]
[debug] [2022-09-07T18:51:33.883Z] <<< [apiv2][status] GET https://cloudfunctions.googleapis.com/v1/operations/cGFjaWZpYy1pbnRlcmx1ZGUvdXMtY2VudHJhbDEvbmV4dFNzclNlcnZlci9tRU0xdWkyclZ6MA 200
[debug] [2022-09-07T18:51:33.883Z] <<< [apiv2][body] GET https://cloudfunctions.googleapis.com/v1/operations/cGFjaWZpYy1pbnRlcmx1ZGUvdXMtY2VudHJhbDEvbmV4dFNzclNlcnZlci9tRU0xdWkyclZ6MA {"name":"operations/cGFjaWZpYy1pbnRlcmx1ZGUvdXMtY2VudHJhbDEvbmV4dFNzclNlcnZlci9tRU0xdWkyclZ6MA","metadata":{"@type":"type.googleapis.com/google.cloud.functions.v1.OperationMetadataV1","target":"projects/pacific-interlude/locations/us-central1/functions/nextSsrServer","type":"CREATE_FUNCTION","request":{"@type":"type.googleapis.com/google.cloud.functions.v1.CloudFunction","name":"projects/pacific-interlude/locations/us-central1/functions/nextSsrServer","httpsTrigger":{"securityLevel":"SECURE_ALWAYS"},"entryPoint":"nextSsrServer","labels":{"deployment-tool":"cli-firebase"},"sourceUploadUrl":"https://storage.googleapis.com/uploads-951996958745.us-central1.cloudfunctions.appspot.com/37e427ae-5dae-40dd-9edc-daff87f3c4b1.zip?GoogleAccessId=service-508796960985@gcf-admin-robot.iam.gserviceaccount.com&Expires=1662578424&Signature=XpwhESgbdN9inyzCMBHVLY5fEVT%2FdNRbSdx9882jWT8ZzQAmcbrKmVD4vuMETTkWP7R3WISEfjPeOiOePD%2Fvr9uILm9rILjEmYqcWKqowd38VBCq26rfw1VA%2FX%2BnpzMiPrftYr3mlaOZ2ydQidxl4VWvGyFD%2B3p8KKhDBfsXOXbBqOv9WAuseV9sKR2d%2ByprnAWFNB6unI6ympLbN1LhlE0Zc7a3NBMOFbBLFVUGJpe%2B5MhIjouOFrnS5%2Bojb2P2dPhbcEPu%2BCFdL54k%2FEhRjxLFJPPF8nwIDLBbtYp5Dr1iiWEN2r5oaDSYB7KhSYphY8vvHQMGbiTuyDHerHbQtA%3D%3D","environmentVariables":{"FIREBASE_CONFIG":"{\"projectId\":\"pacific-interlude\",\"storageBucket\":\"pacific-interlude.appspot.com\",\"locationId\":\"us-central\"}","GCLOUD_PROJECT":"pacific-interlude"},"runtime":"nodejs16","dockerRegistry":"ARTIFACT_REGISTRY"},"versionId":"1","updateTime":"2022-09-07T18:50:27Z","buildId":"5bc4ebbd-2804-4c2c-b7c9-2f071f9261d8","buildName":"projects/508796960985/locations/us-central1/builds/5bc4ebbd-2804-4c2c-b7c9-2f071f9261d8"}}
[debug] [2022-09-07T18:51:43.889Z] [create-default-us-central1-nextSsrServer] Retrying task index 0
[debug] [2022-09-07T18:51:43.890Z] >>> [apiv2][query] GET https://cloudfunctions.googleapis.com/v1/operations/cGFjaWZpYy1pbnRlcmx1ZGUvdXMtY2VudHJhbDEvbmV4dFNzclNlcnZlci9tRU0xdWkyclZ6MA [none]
[debug] [2022-09-07T18:51:44.095Z] <<< [apiv2][status] GET https://cloudfunctions.googleapis.com/v1/operations/cGFjaWZpYy1pbnRlcmx1ZGUvdXMtY2VudHJhbDEvbmV4dFNzclNlcnZlci9tRU0xdWkyclZ6MA 200
[debug] [2022-09-07T18:51:44.095Z] <<< [apiv2][body] GET https://cloudfunctions.googleapis.com/v1/operations/cGFjaWZpYy1pbnRlcmx1ZGUvdXMtY2VudHJhbDEvbmV4dFNzclNlcnZlci9tRU0xdWkyclZ6MA {"name":"operations/cGFjaWZpYy1pbnRlcmx1ZGUvdXMtY2VudHJhbDEvbmV4dFNzclNlcnZlci9tRU0xdWkyclZ6MA","metadata":{"@type":"type.googleapis.com/google.cloud.functions.v1.OperationMetadataV1","target":"projects/pacific-interlude/locations/us-central1/functions/nextSsrServer","type":"CREATE_FUNCTION","request":{"@type":"type.googleapis.com/google.cloud.functions.v1.CloudFunction","name":"projects/pacific-interlude/locations/us-central1/functions/nextSsrServer","httpsTrigger":{"securityLevel":"SECURE_ALWAYS"},"entryPoint":"nextSsrServer","labels":{"deployment-tool":"cli-firebase"},"sourceUploadUrl":"https://storage.googleapis.com/uploads-951996958745.us-central1.cloudfunctions.appspot.com/37e427ae-5dae-40dd-9edc-daff87f3c4b1.zip?GoogleAccessId=service-508796960985@gcf-admin-robot.iam.gserviceaccount.com&Expires=1662578424&Signature=XpwhESgbdN9inyzCMBHVLY5fEVT%2FdNRbSdx9882jWT8ZzQAmcbrKmVD4vuMETTkWP7R3WISEfjPeOiOePD%2Fvr9uILm9rILjEmYqcWKqowd38VBCq26rfw1VA%2FX%2BnpzMiPrftYr3mlaOZ2ydQidxl4VWvGyFD%2B3p8KKhDBfsXOXbBqOv9WAuseV9sKR2d%2ByprnAWFNB6unI6ympLbN1LhlE0Zc7a3NBMOFbBLFVUGJpe%2B5MhIjouOFrnS5%2Bojb2P2dPhbcEPu%2BCFdL54k%2FEhRjxLFJPPF8nwIDLBbtYp5Dr1iiWEN2r5oaDSYB7KhSYphY8vvHQMGbiTuyDHerHbQtA%3D%3D","environmentVariables":{"FIREBASE_CONFIG":"{\"projectId\":\"pacific-interlude\",\"storageBucket\":\"pacific-interlude.appspot.com\",\"locationId\":\"us-central\"}","GCLOUD_PROJECT":"pacific-interlude"},"runtime":"nodejs16","dockerRegistry":"ARTIFACT_REGISTRY"},"versionId":"1","updateTime":"2022-09-07T18:50:27Z","buildId":"5bc4ebbd-2804-4c2c-b7c9-2f071f9261d8","buildName":"projects/508796960985/locations/us-central1/builds/5bc4ebbd-2804-4c2c-b7c9-2f071f9261d8"}}
